{"message":"Error when go to page: http://chuxin.360jlb.cn/user?id=3618365","level":"error"}
{"message":"page closing","level":"info"}
{"message":"page closed","level":"info"}
{"message":"browser closing","level":"info"}
{"message":"browser closed","level":"info"}
{"message":"Error when go to page: http://chuxin.360jlb.cn/user?id=3618365","level":"error"}
{"message":"page closing","level":"info"}
{"message":"page closed","level":"info"}
{"message":"browser closing","level":"info"}
{"message":"browser closed","level":"info"}
{"message":"Error when go to page: http://chuxin.360jlb.cn/user?id=3618365","level":"error"}
{"message":"page closing","level":"info"}
{"message":"page closed","level":"info"}
{"message":"browser closing","level":"info"}
{"message":"browser closed","level":"info"}
{"message":"start...","level":"info"}
{"message":"Error when go to page: http://chuxin.360jlb.cn/user?id=3618365","level":"error"}
{"message":"page closing","level":"info"}
{"message":"page closed","level":"info"}
{"message":"browser closing","level":"info"}
{"message":"browser closed","level":"info"}
{"message":"start...","level":"info"}
{"message":"Error when go to page: http://chuxin.360jlb.cn/user?id=3618365","level":"error"}
{"message":"page closing","level":"info"}
{"message":"page closed","level":"info"}
{"message":"browser closing","level":"info"}
{"message":"browser closed","level":"info"}
{"message":"start...","level":"info"}
{"message":"Error when go to page: http://chuxin.360jlb.cn/user?id=3618365","level":"error"}
{"message":"page closing","level":"info"}
{"message":"page closed","level":"info"}
{"message":"browser closing","level":"info"}
{"message":"browser closed","level":"info"}
{"message":"start...","level":"info"}
{"message":"Error when go to page: http://chuxin.360jlb.cn/user?id=3618365","level":"error"}
{"message":"page closing","level":"info"}
{"message":"page closed","level":"info"}
{"message":"browser closing","level":"info"}
{"message":"browser closed","level":"info"}
